[0.000][INFO]:      ChromeDriver 26.0.1383.0 /usr/bin/chromedriver
[1.002][FINE]:      Initializing session with capabilities {
   "browserName": "chrome",
   "chromeOptions": {
      "args": [  ],
      "extensions": [  ]
   },
   "javascriptEnabled": true,
   "platform": "ANY",
   "version": ""
}

[1.002][INFO]:      Launching chrome: /usr/bin/google-chrome --disable-hang-monitor --disable-prompt-on-repost --dom-automation --full-memory-crash-report --no-default-browser-check --no-first-run --disable-background-networking --disable-sync --disable-translate --disable-web-resources --safebrowsing-disable-auto-update --safebrowsing-disable-download-protection --disable-client-side-phishing-detection --disable-component-update --disable-default-apps --enable-logging --log-level=1 --password-store=basic --ignore-certificate-errors about:blank
[1.642][INFO]:      Connected to Chrome successfully. Version: 28.0.1500.52
[1.694][FINE]:      Command received (/session/83915f2832fdcdb811aa446855c2526e)
[1.694][FINE]:      Command finished (/session/83915f2832fdcdb811aa446855c2526e) with response {
   "sessionId": "83915f2832fdcdb811aa446855c2526e",
   "status": 0,
   "value": {
      "acceptSslCerts": false,
      "applicationCacheEnabled": false,
      "browserConnectionEnabled": false,
      "browserName": "chrome",
      "chrome.chromedriverVersion": "26.0.1383.0",
      "cssSelectorsEnabled": true,
      "databaseEnabled": false,
      "handlesAlerts": true,
      "javascriptEnabled": true,
      "locationContextEnabled": false,
      "nativeEvents": true,
      "platform": "linux",
      "rotatable": false,
      "takesScreenshot": true,
      "version": "28.0.1500.52",
      "webStorageEnabled": true
   }
}

[1.700][FINE]:      Command received (/session/83915f2832fdcdb811aa446855c2526e/url) with params {
   "sessionId": "83915f2832fdcdb811aa446855c2526e",
   "url": "http://www.google.com/xhtml"
}

[1.700][FINER]:     Waiting for all views to stop loading...
[1.701][FINER]:     Done waiting for all views to stop loading
[2.844][FINER]:     Waiting for all views to stop loading...
[2.848][FINER]:     Done waiting for all views to stop loading
[2.848][FINE]:      Command finished (/session/83915f2832fdcdb811aa446855c2526e/url) with response {
   "sessionId": "83915f2832fdcdb811aa446855c2526e",
   "status": 0,
   "value": {

   }
}

[2.849][FINE]:      Command received (/session/83915f2832fdcdb811aa446855c2526e/url)
[2.849][FINER]:     Waiting for all views to stop loading...
[2.850][FINER]:     Done waiting for all views to stop loading
[3.055][FINER]:     Waiting for all views to stop loading...
[3.056][FINER]:     Done waiting for all views to stop loading
[3.056][FINE]:      Command finished (/session/83915f2832fdcdb811aa446855c2526e/url) with response {
   "sessionId": "83915f2832fdcdb811aa446855c2526e",
   "status": 0,
   "value": "http://www.google.com/xhtml"
}

[3.058][FINE]:      Command received (/session/83915f2832fdcdb811aa446855c2526e/element) with params {
   "sessionId": "83915f2832fdcdb811aa446855c2526e",
   "using": "name",
   "value": "q"
}

[3.058][FINER]:     Waiting for all views to stop loading...
[3.061][FINER]:     Done waiting for all views to stop loading
[3.084][FINER]:     Waiting for all views to stop loading...
[3.085][FINER]:     Done waiting for all views to stop loading
[3.085][FINE]:      Command finished (/session/83915f2832fdcdb811aa446855c2526e/element) with response {
   "sessionId": "83915f2832fdcdb811aa446855c2526e",
   "status": 0,
   "value": {
      "ELEMENT": ":wdc:1372798053335"
   }
}

[3.086][FINE]:      Command received (/session/83915f2832fdcdb811aa446855c2526e/element/:wdc:1372798053335/value) with params {
   "id": ":wdc:1372798053335",
   "sessionId": "83915f2832fdcdb811aa446855c2526e",
   "value": [ "p", "y", "c", "a", "b", "a", "r", "a" ]
}

[3.087][FINER]:     Waiting for all views to stop loading...
[3.088][FINER]:     Done waiting for all views to stop loading
[3.277][FINER]:     Waiting for all views to stop loading...
[3.278][FINER]:     Done waiting for all views to stop loading
[3.278][FINE]:      Command finished (/session/83915f2832fdcdb811aa446855c2526e/element/:wdc:1372798053335/value) with response {
   "sessionId": "83915f2832fdcdb811aa446855c2526e",
   "status": 0,
   "value": {

   }
}

[3.280][FINE]:      Command received (/session/83915f2832fdcdb811aa446855c2526e/element) with params {
   "sessionId": "83915f2832fdcdb811aa446855c2526e",
   "using": "id",
   "value": "gbqfb"
}

[3.280][FINER]:     Waiting for all views to stop loading...
[3.281][FINER]:     Done waiting for all views to stop loading
[3.300][FINER]:     Waiting for all views to stop loading...
[3.300][FINER]:     Done waiting for all views to stop loading
[3.301][FINE]:      Command finished (/session/83915f2832fdcdb811aa446855c2526e/element) with response {
   "sessionId": "83915f2832fdcdb811aa446855c2526e",
   "status": 0,
   "value": {
      "ELEMENT": ":wdc:1372798053336"
   }
}

[3.302][FINE]:      Command received (/session/83915f2832fdcdb811aa446855c2526e/element/:wdc:1372798053336/submit) with params {
   "id": ":wdc:1372798053336",
   "sessionId": "83915f2832fdcdb811aa446855c2526e"
}

[3.302][FINER]:     Waiting for all views to stop loading...
[3.303][FINER]:     Done waiting for all views to stop loading
[3.339][FINER]:     Waiting for all views to stop loading...
[3.340][FINER]:     Done waiting for all views to stop loading
[3.340][FINE]:      Command finished (/session/83915f2832fdcdb811aa446855c2526e/element/:wdc:1372798053336/submit) with response {
   "sessionId": "83915f2832fdcdb811aa446855c2526e",
   "status": 0,
   "value": null
}

[3.342][FINE]:      Command received (/session/83915f2832fdcdb811aa446855c2526e/title)
[3.342][FINER]:     Waiting for all views to stop loading...
[3.344][FINER]:     Done waiting for all views to stop loading
[3.349][FINER]:     Waiting for all views to stop loading...
[3.350][FINER]:     Done waiting for all views to stop loading
[3.350][FINE]:      Command finished (/session/83915f2832fdcdb811aa446855c2526e/title) with response {
   "sessionId": "83915f2832fdcdb811aa446855c2526e",
   "status": 0,
   "value": "Google"
}

[3.352][FINE]:      Command received (/session/83915f2832fdcdb811aa446855c2526e/element) with params {
   "sessionId": "83915f2832fdcdb811aa446855c2526e",
   "using": "tag name",
   "value": "body"
}

[3.352][FINER]:     Waiting for all views to stop loading...
[3.353][FINER]:     Done waiting for all views to stop loading
[3.376][FINER]:     Waiting for all views to stop loading...
[3.377][FINER]:     Done waiting for all views to stop loading
[3.377][FINE]:      Command finished (/session/83915f2832fdcdb811aa446855c2526e/element) with response {
   "sessionId": "83915f2832fdcdb811aa446855c2526e",
   "status": 0,
   "value": {
      "ELEMENT": ":wdc:1372798053337"
   }
}

[3.378][FINE]:      Command received (/session/83915f2832fdcdb811aa446855c2526e/element/:wdc:1372798053337/text)
[3.378][FINER]:     Waiting for all views to stop loading...
[3.379][FINER]:     Done waiting for all views to stop loading
[3.476][FINER]:     Waiting for all views to stop loading...
[3.477][FINER]:     Done waiting for all views to stop loading
[3.477][FINE]:      Command finished (/session/83915f2832fdcdb811aa446855c2526e/element/:wdc:1372798053337/text) with response {
   "sessionId": "83915f2832fdcdb811aa446855c2526e",
   "status": 0,
   "value": "Screen reader users, click here to turn off Google Instant.\n+You\nSearch\nImages\nMaps\nPlay\nYouTube\n..."
}

[3.479][FINE]:      Command received (/session/83915f2832fdcdb811aa446855c2526e)
[3.641][INFO]:      Chrome shutdown
